<?xml version="1.0" encoding="UTF-8"?>
<!-- Generated by org.testng.reporters.JUnitXMLReporter -->
<testsuite ignored="0" hostname="Preenu-PC" failures="0" tests="4" name="Test2" time="9.586" errors="0" timestamp="2025-11-20T20:53:28 IST">
  <testcase classname="testScript.LoginTest" name="verifyUserLoginWithValidCredentials" time="0.741"/>
  <testcase classname="testScript.LoginTest" name="verifyUserLoginWithInvalidUserNameValidPassword" time="0.561"/>
  <testcase classname="testScript.LoginTest" name="verifyUserLoginWithValidUserNameInvalidPassword" time="0.607"/>
  <testcase classname="testScript.LoginTest" name="verifyUserLoginWithInvalidUserNameInvalidPassword" time="0.592"/>
</testsuite> <!-- Test2 -->
