<?xml version="1.0" encoding="UTF-8"?>
<!-- Generated by org.testng.reporters.JUnitXMLReporter -->
<testsuite ignored="0" hostname="Preenu-PC" failures="3" tests="3" name="Test1" time="8.499" errors="0" timestamp="2025-11-24T09:47:49 IST">
  <testcase classname="testScript.AdminUserTest" name="verifyWhetherUserIsAbleToAddNewUser" time="0.054">
    <failure type="java.io.FileNotFoundException" message="null\src\test\resources\testdata2.xlsx (The system cannot find the path specified)">
      <![CDATA[java.io.FileNotFoundException: null\src\test\resources\testdata2.xlsx (The system cannot find the path specified)
at java.base/java.io.FileInputStream.open0(Native Method)
at java.base/java.io.FileInputStream.open(FileInputStream.java:213)
at java.base/java.io.FileInputStream.<init>(FileInputStream.java:152)
at java.base/java.io.FileInputStream.<init>(FileInputStream.java:106)
at utilities.ExcelUtility.getStringData(ExcelUtility.java:19)
at testScript.AdminUserTest.verifyWhetherUserIsAbleToAddNewUser(AdminUserTest.java:20)
at java.base/java.util.concurrent.Executors$RunnableAdapter.call(Executors.java:572)
at java.base/java.util.concurrent.FutureTask.run(FutureTask.java:317)
at java.base/java.util.concurrent.ThreadPoolExecutor.runWorker(ThreadPoolExecutor.java:1144)
at java.base/java.util.concurrent.ThreadPoolExecutor$Worker.run(ThreadPoolExecutor.java:642)
at java.base/java.lang.Thread.run(Thread.java:1583)
... Removed 11 stack frames]]>
    </failure>
  </testcase> <!-- verifyWhetherUserIsAbleToAddNewUser -->
  <testcase classname="testScript.AdminUserTest" name="verifyWhetherUserIsAbleToReset" time="0.002">
    <failure type="java.io.FileNotFoundException" message="null\src\test\resources\testdata2.xlsx (The system cannot find the path specified)">
      <![CDATA[java.io.FileNotFoundException: null\src\test\resources\testdata2.xlsx (The system cannot find the path specified)
at java.base/java.io.FileInputStream.open0(Native Method)
at java.base/java.io.FileInputStream.open(FileInputStream.java:213)
at java.base/java.io.FileInputStream.<init>(FileInputStream.java:152)
at java.base/java.io.FileInputStream.<init>(FileInputStream.java:106)
at utilities.ExcelUtility.getStringData(ExcelUtility.java:19)
at testScript.AdminUserTest.verifyWhetherUserIsAbleToReset(AdminUserTest.java:64)
at java.base/java.util.concurrent.Executors$RunnableAdapter.call(Executors.java:572)
at java.base/java.util.concurrent.FutureTask.run(FutureTask.java:317)
at java.base/java.util.concurrent.ThreadPoolExecutor.runWorker(ThreadPoolExecutor.java:1144)
at java.base/java.util.concurrent.ThreadPoolExecutor$Worker.run(ThreadPoolExecutor.java:642)
at java.base/java.lang.Thread.run(Thread.java:1583)
... Removed 11 stack frames]]>
    </failure>
  </testcase> <!-- verifyWhetherUserIsAbleToReset -->
  <testcase classname="testScript.AdminUserTest" name="verifyWhetherUserIsAbleToSearchTheNewlyAddedUser" time="0.002">
    <failure type="java.io.FileNotFoundException" message="null\src\test\resources\testdata2.xlsx (The system cannot find the path specified)">
      <![CDATA[java.io.FileNotFoundException: null\src\test\resources\testdata2.xlsx (The system cannot find the path specified)
at java.base/java.io.FileInputStream.open0(Native Method)
at java.base/java.io.FileInputStream.open(FileInputStream.java:213)
at java.base/java.io.FileInputStream.<init>(FileInputStream.java:152)
at java.base/java.io.FileInputStream.<init>(FileInputStream.java:106)
at utilities.ExcelUtility.getStringData(ExcelUtility.java:19)
at testScript.AdminUserTest.verifyWhetherUserIsAbleToSearchTheNewlyAddedUser(AdminUserTest.java:43)
at java.base/java.util.concurrent.Executors$RunnableAdapter.call(Executors.java:572)
at java.base/java.util.concurrent.FutureTask.run(FutureTask.java:317)
at java.base/java.util.concurrent.ThreadPoolExecutor.runWorker(ThreadPoolExecutor.java:1144)
at java.base/java.util.concurrent.ThreadPoolExecutor$Worker.run(ThreadPoolExecutor.java:642)
at java.base/java.lang.Thread.run(Thread.java:1583)
... Removed 11 stack frames]]>
    </failure>
  </testcase> <!-- verifyWhetherUserIsAbleToSearchTheNewlyAddedUser -->
</testsuite> <!-- Test1 -->
