<?xml version="1.0" encoding="UTF-8"?>
<!-- Generated by org.testng.reporters.JUnitXMLReporter -->
<testsuite ignored="2" hostname="Preenu-PC" failures="1" tests="2" name="Test" time="18.19" errors="0" timestamp="2025-11-19T20:48:28 IST">
  <testcase classname="testScript.LoginTest" name="verifyUserLoginWithValidCredentials" time="2.448"/>
  <testcase classname="testScript.LoginTest" name="verifyUserLoginWithInvalidUserNameInvalidPassword" time="5.657">
    <failure type="org.openqa.selenium.NoSuchElementException" message="no such element: Unable to locate element: {&amp;quot;method&amp;quot;:&amp;quot;xpath&amp;quot;,&amp;quot;selector&amp;quot;:&amp;quot;//li[@class=&amp;apos;breadcrumb-item active&amp;apos;]&amp;quot;}
  (Session info: chrome=142.0.7444.163)
For documentation on this error, please visit: https://www.selenium.dev/documentation/webdriver/troubleshooting/errors#no-such-element-exception
Build info: version: &amp;apos;4.34.0&amp;apos;, revision: &amp;apos;707dcb4246*&amp;apos;
System info: os.name: &amp;apos;Windows 11&amp;apos;, os.arch: &amp;apos;amd64&amp;apos;, os.version: &amp;apos;10.0&amp;apos;, java.version: &amp;apos;21.0.8&amp;apos;
Driver info: org.openqa.selenium.chrome.ChromeDriver
Command: [79bc7e38636c3c2238eaedebc3f1e41c, findElement {using=xpath, value=//li[@class=&amp;apos;breadcrumb-item active&amp;apos;]}]
Capabilities {acceptInsecureCerts: false, browserName: chrome, browserVersion: 142.0.7444.163, chrome: {chromedriverVersion: 142.0.7444.175 (302067f14a4..., userDataDir: C:\Users\lenovo\AppData\Loc...}, fedcm:accounts: true, goog:chromeOptions: {debuggerAddress: localhost:63708}, goog:processID: 46968, networkConnectionEnabled: false, pageLoadStrategy: normal, platformName: windows, proxy: Proxy(), se:cdp: ws://localhost:63708/devtoo..., se:cdpVersion: 142.0.7444.163, setWindowRect: true, strictFileInteractability: false, timeouts: {implicit: 0, pageLoad: 300000, script: 30000}, unhandledPromptBehavior: dismiss and notify, webauthn:extension:credBlob: true, webauthn:extension:largeBlob: true, webauthn:extension:minPinLength: true, webauthn:extension:prf: true, webauthn:virtualAuthenticators: true}
Session ID: 79bc7e38636c3c2238eaedebc3f1e41c">
      <![CDATA[org.openqa.selenium.NoSuchElementException: no such element: Unable to locate element: {"method":"xpath","selector":"//li[@class='breadcrumb-item active']"}
  (Session info: chrome=142.0.7444.163)
For documentation on this error, please visit: https://www.selenium.dev/documentation/webdriver/troubleshooting/errors#no-such-element-exception
Build info: version: '4.34.0', revision: '707dcb4246*'
System info: os.name: 'Windows 11', os.arch: 'amd64', os.version: '10.0', java.version: '21.0.8'
Driver info: org.openqa.selenium.chrome.ChromeDriver
Command: [79bc7e38636c3c2238eaedebc3f1e41c, findElement {using=xpath, value=//li[@class='breadcrumb-item active']}]
Capabilities {acceptInsecureCerts: false, browserName: chrome, browserVersion: 142.0.7444.163, chrome: {chromedriverVersion: 142.0.7444.175 (302067f14a4..., userDataDir: C:\Users\lenovo\AppData\Loc...}, fedcm:accounts: true, goog:chromeOptions: {debuggerAddress: localhost:63708}, goog:processID: 46968, networkConnectionEnabled: false, pageLoadStrategy: normal, platformName: windows, proxy: Proxy(), se:cdp: ws://localhost:63708/devtoo..., se:cdpVersion: 142.0.7444.163, setWindowRect: true, strictFileInteractability: false, timeouts: {implicit: 0, pageLoad: 300000, script: 30000}, unhandledPromptBehavior: dismiss and notify, webauthn:extension:credBlob: true, webauthn:extension:largeBlob: true, webauthn:extension:minPinLength: true, webauthn:extension:prf: true, webauthn:virtualAuthenticators: true}
Session ID: 79bc7e38636c3c2238eaedebc3f1e41c
at org.openqa.selenium.remote.ErrorCodec.decode(ErrorCodec.java:167)
at org.openqa.selenium.remote.codec.w3c.W3CHttpResponseCodec.decode(W3CHttpResponseCodec.java:138)
at org.openqa.selenium.remote.codec.w3c.W3CHttpResponseCodec.decode(W3CHttpResponseCodec.java:50)
at org.openqa.selenium.remote.HttpCommandExecutor.execute(HttpCommandExecutor.java:215)
at org.openqa.selenium.remote.service.DriverCommandExecutor.invokeExecute(DriverCommandExecutor.java:216)
at org.openqa.selenium.remote.service.DriverCommandExecutor.execute(DriverCommandExecutor.java:174)
at org.openqa.selenium.remote.RemoteWebDriver.execute(RemoteWebDriver.java:544)
at org.openqa.selenium.remote.ElementLocation$ElementFinder$2.findElement(ElementLocation.java:165)
at org.openqa.selenium.remote.ElementLocation.findElement(ElementLocation.java:59)
at org.openqa.selenium.remote.RemoteWebDriver.findElement(RemoteWebDriver.java:367)
at org.openqa.selenium.remote.RemoteWebDriver.findElement(RemoteWebDriver.java:361)
at org.openqa.selenium.support.pagefactory.DefaultElementLocator.findElement(DefaultElementLocator.java:68)
at org.openqa.selenium.support.pagefactory.internal.LocatingElementHandler.invoke(LocatingElementHandler.java:38)
at jdk.proxy2/jdk.proxy2.$Proxy13.isDisplayed(Unknown Source)
at pages.LoginPage.dashBoardDisplayed(LoginPage.java:38)
at testScript.LoginTest.verifyUserLoginWithInvalidUserNameInvalidPassword(LoginTest.java:62)
at java.base/java.util.ArrayList.forEach(ArrayList.java:1596)
... Removed 28 stack frames]]>
    </failure>
  </testcase> <!-- verifyUserLoginWithInvalidUserNameInvalidPassword -->
  <testcase classname="testScript.LoginTest" name="verifyUserLoginWithValidUserNameInvalidPassword" time="0.0">
    <ignored/>
  </testcase> <!-- verifyUserLoginWithValidUserNameInvalidPassword -->
  <testcase classname="testScript.LoginTest" name="verifyUserLoginWithInvalidUserNameValidPassword" time="0.0">
    <ignored/>
  </testcase> <!-- verifyUserLoginWithInvalidUserNameValidPassword -->
</testsuite> <!-- Test -->
