<?xml version="1.0" encoding="UTF-8"?>
<!-- Generated by org.testng.reporters.JUnitReportReporter -->
<testsuite hostname="Preenu-PC" failures="0" tests="2" name="testScript.ManageNewsTest" time="9.330" errors="0" timestamp="2025-11-21T11:56:52 IST" skipped="0">
  <testcase classname="testScript.ManageNewsTest" name="verifyWhetherUserIsAbleToSearch" time="4.472"/>
  <testcase classname="testScript.ManageNewsTest" name="verifyWhetherTheUserIsAbleToAddNewNews" time="4.858"/>
</testsuite> <!-- testScript.ManageNewsTest -->
