<?xml version="1.0" encoding="UTF-8"?>
<!-- Generated by org.testng.reporters.JUnitReportReporter -->
<testsuite hostname="Preenu-PC" failures="0" tests="2" name="testScript.ManageNewsTest" time="8.860" errors="0" timestamp="2025-11-20T20:53:29 IST" skipped="0">
  <testcase classname="testScript.ManageNewsTest" name="verifyWhetherTheUserIsAbleToAddNewNews" time="5.226"/>
  <testcase classname="testScript.ManageNewsTest" name="verifyWhetherUserIsAbleToSearch" time="3.634"/>
</testsuite> <!-- testScript.ManageNewsTest -->
