<?xml version="1.0" encoding="UTF-8"?>
<!-- Generated by org.testng.reporters.JUnitReportReporter -->
<testsuite hostname="Preenu-PC" failures="0" tests="2" name="testScript.LoginTest" time="5.920" errors="0" timestamp="2025-11-25T16:20:33 IST" skipped="0">
  <testcase classname="testScript.LoginTest" name="verifyUserLoginWithInvalidUserNameInvalidPassword" time="3.397"/>
  <testcase classname="testScript.LoginTest" name="verifyUserLoginWithInvalidUserNameInvalidPassword" time="2.523"/>
</testsuite> <!-- testScript.LoginTest -->
