<?xml version="1.0" encoding="UTF-8"?>
<!-- Generated by org.testng.reporters.JUnitXMLReporter -->
<testsuite ignored="3" hostname="Preenu-PC" failures="0" tests="1" name="Test" time="3.82" errors="0" timestamp="2025-11-20T20:53:00 IST">
  <testcase classname="testScript.LoginTest" name="verifyUserLoginWithInvalidUserNameInvalidPassword" time="1.361"/>
  <testcase classname="testScript.LoginTest" name="verifyUserLoginWithValidCredentials" time="0.0">
    <ignored/>
  </testcase> <!-- verifyUserLoginWithValidCredentials -->
  <testcase classname="testScript.LoginTest" name="verifyUserLoginWithInvalidUserNameValidPassword" time="0.0">
    <ignored/>
  </testcase> <!-- verifyUserLoginWithInvalidUserNameValidPassword -->
  <testcase classname="testScript.LoginTest" name="verifyUserLoginWithValidUserNameInvalidPassword" time="0.0">
    <ignored/>
  </testcase> <!-- verifyUserLoginWithValidUserNameInvalidPassword -->
</testsuite> <!-- Test -->
