<?xml version="1.0" encoding="UTF-8"?>
<!-- Generated by org.testng.reporters.JUnitXMLReporter -->
<testsuite ignored="3" hostname="Preenu-PC" failures="0" tests="2" name="Test" time="5.975" errors="0" timestamp="2025-11-25T16:20:33 IST">
  <testcase classname="testScript.LoginTest" name="verifyUserLoginWithInvalidUserNameInvalidPassword" time="0.601"/>
  <testcase classname="testScript.LoginTest" name="verifyUserLoginWithInvalidUserNameInvalidPassword" time="0.602"/>
  <testcase classname="testScript.LoginTest" name="verifyUserLoginWithInvalidUserNameValidPassword" time="0.0">
    <ignored/>
  </testcase> <!-- verifyUserLoginWithInvalidUserNameValidPassword -->
  <testcase classname="testScript.LoginTest" name="verifyUserLoginWithValidCredentials" time="0.0">
    <ignored/>
  </testcase> <!-- verifyUserLoginWithValidCredentials -->
  <testcase classname="testScript.LoginTest" name="verifyUserLoginWithValidUserNameInvalidPassword" time="0.0">
    <ignored/>
  </testcase> <!-- verifyUserLoginWithValidUserNameInvalidPassword -->
</testsuite> <!-- Test -->
