<?xml version="1.0" encoding="UTF-8"?>
<testng-results ignored="0" total="2" passed="2" failed="0" skipped="0">
  <reporter-output>
  </reporter-output>
  <suite started-at="2025-11-25T16:20:26 IST" name="Suite" finished-at="2025-11-25T16:20:32 IST" duration-ms="5975">
    <groups>
      <group name="smoke">
        <method signature="LoginTest.verifyUserLoginWithInvalidUserNameInvalidPassword(java.lang.String,java.lang.String)[pri:4, instance:testScript.LoginTest@7486b455]" name="verifyUserLoginWithInvalidUserNameInvalidPassword" class="testScript.LoginTest"/>
      </group> <!-- smoke -->
    </groups>
    <test started-at="2025-11-25T16:20:26 IST" name="Test" finished-at="2025-11-25T16:20:32 IST" duration-ms="5975">
      <class name="testScript.LoginTest">
        <test-method is-config="true" signature="initializeBrowser(java.lang.String)[pri:0, instance:testScript.LoginTest@7486b455]" started-at="2025-11-25T16:20:26 IST" name="initializeBrowser" finished-at="2025-11-25T16:20:29 IST" duration-ms="2415" status="PASS">
          <params>
            <param index="0">
              <value>
                <![CDATA[chrome]]>
              </value>
            </param>
          </params>
          <reporter-output>
          </reporter-output>
        </test-method> <!-- initializeBrowser -->
        <test-method signature="verifyUserLoginWithInvalidUserNameInvalidPassword(java.lang.String,java.lang.String)[pri:4, instance:testScript.LoginTest@7486b455]" started-at="2025-11-25T16:20:29 IST" name="verifyUserLoginWithInvalidUserNameInvalidPassword" description="verifying login with invalid username and invalid password" data-provider="loginProvider" finished-at="2025-11-25T16:20:29 IST" duration-ms="601" status="PASS">
          <params>
            <param index="0">
              <value>
                <![CDATA[admin]]>
              </value>
            </param>
            <param index="1">
              <value>
                <![CDATA[admin22]]>
              </value>
            </param>
          </params>
          <reporter-output>
          </reporter-output>
        </test-method> <!-- verifyUserLoginWithInvalidUserNameInvalidPassword -->
        <test-method is-config="true" signature="driverQuit(org.testng.ITestResult)[pri:0, instance:testScript.LoginTest@7486b455]" started-at="2025-11-25T16:20:29 IST" name="driverQuit" finished-at="2025-11-25T16:20:30 IST" duration-ms="381" status="PASS">
          <params>
            <param index="0">
              <value>
                <![CDATA[[TestResult name=verifyUserLoginWithInvalidUserNameInvalidPassword status=SUCCESS method=LoginTest.verifyUserLoginWithInvalidUserNameInvalidPassword(java.lang.String,java.lang.String)[pri:4, instance:testScript.LoginTest@7486b455] output={null}]]]>
              </value>
            </param>
          </params>
          <reporter-output>
          </reporter-output>
        </test-method> <!-- driverQuit -->
        <test-method is-config="true" signature="initializeBrowser(java.lang.String)[pri:0, instance:testScript.LoginTest@7486b455]" started-at="2025-11-25T16:20:30 IST" name="initializeBrowser" finished-at="2025-11-25T16:20:31 IST" duration-ms="1437" status="PASS">
          <params>
            <param index="0">
              <value>
                <![CDATA[chrome]]>
              </value>
            </param>
          </params>
          <reporter-output>
          </reporter-output>
        </test-method> <!-- initializeBrowser -->
        <test-method signature="verifyUserLoginWithInvalidUserNameInvalidPassword(java.lang.String,java.lang.String)[pri:4, instance:testScript.LoginTest@7486b455]" started-at="2025-11-25T16:20:31 IST" name="verifyUserLoginWithInvalidUserNameInvalidPassword" description="verifying login with invalid username and invalid password" data-provider="loginProvider" finished-at="2025-11-25T16:20:32 IST" duration-ms="602" status="PASS">
          <params>
            <param index="0">
              <value>
                <![CDATA[admin123]]>
              </value>
            </param>
            <param index="1">
              <value>
                <![CDATA[123]]>
              </value>
            </param>
          </params>
          <reporter-output>
          </reporter-output>
        </test-method> <!-- verifyUserLoginWithInvalidUserNameInvalidPassword -->
        <test-method is-config="true" signature="driverQuit(org.testng.ITestResult)[pri:0, instance:testScript.LoginTest@7486b455]" started-at="2025-11-25T16:20:32 IST" name="driverQuit" finished-at="2025-11-25T16:20:32 IST" duration-ms="484" status="PASS">
          <params>
            <param index="0">
              <value>
                <![CDATA[[TestResult name=verifyUserLoginWithInvalidUserNameInvalidPassword status=SUCCESS method=LoginTest.verifyUserLoginWithInvalidUserNameInvalidPassword(java.lang.String,java.lang.String)[pri:4, instance:testScript.LoginTest@7486b455] output={null}]]]>
              </value>
            </param>
          </params>
          <reporter-output>
          </reporter-output>
        </test-method> <!-- driverQuit -->
      </class> <!-- testScript.LoginTest -->
    </test> <!-- Test -->
  </suite> <!-- Suite -->
</testng-results>
