<?xml version="1.0" encoding="UTF-8"?>
<!-- Generated by org.testng.reporters.JUnitXMLReporter -->
<testsuite ignored="2" hostname="Preenu-PC" failures="0" tests="1" name="Default test" time="4.788" errors="0" timestamp="2025-11-10T22:32:06 IST">
  <testcase classname="testScript.AdminUserTest" name="verifyWhetherUserIsAbleToReset" time="2.136"/>
  <testcase classname="testScript.AdminUserTest" name="verifyWhetherUserIsAbleToSearchTheNewlyAddedUser" time="0.0">
    <ignored/>
  </testcase> <!-- verifyWhetherUserIsAbleToSearchTheNewlyAddedUser -->
  <testcase classname="testScript.AdminUserTest" name="verifyWhetherUserIsAbleToAddNewUser" time="0.0">
    <ignored/>
  </testcase> <!-- verifyWhetherUserIsAbleToAddNewUser -->
</testsuite> <!-- Default test -->
