<?xml version="1.0" encoding="UTF-8"?>
<!-- Generated by org.testng.reporters.JUnitXMLReporter -->
<testsuite ignored="3" hostname="Preenu-PC" failures="0" tests="1" name="Edge Test" time="0.231" errors="0" timestamp="2025-11-19T20:47:48 IST">
  <testcase classname="testScript.LoginTest" name="verifyUserLoginWithInvalidUserNameValidPassword" time="0.0">
    <skipped/>
  </testcase> <!-- verifyUserLoginWithInvalidUserNameValidPassword -->
  <testcase classname="testScript.LoginTest" name="verifyUserLoginWithValidUserNameInvalidPassword" time="0.0">
    <ignored/>
  </testcase> <!-- verifyUserLoginWithValidUserNameInvalidPassword -->
  <testcase classname="testScript.LoginTest" name="verifyUserLoginWithInvalidUserNameInvalidPassword" time="0.0">
    <ignored/>
  </testcase> <!-- verifyUserLoginWithInvalidUserNameInvalidPassword -->
  <testcase classname="testScript.LoginTest" name="verifyUserLoginWithValidCredentials" time="0.0">
    <ignored/>
  </testcase> <!-- verifyUserLoginWithValidCredentials -->
</testsuite> <!-- Edge Test -->
