<?xml version="1.0" encoding="UTF-8"?>
<!-- Generated by org.testng.reporters.JUnitXMLReporter -->
<testsuite ignored="3" hostname="Preenu-PC" failures="0" tests="1" name="FireFox Test" time="9.083" errors="0" timestamp="2025-11-19T20:47:48 IST">
  <testcase classname="testScript.LoginTest" name="verifyUserLoginWithInvalidUserNameValidPassword" time="0.791"/>
  <testcase classname="testScript.LoginTest" name="verifyUserLoginWithValidUserNameInvalidPassword" time="0.0">
    <ignored/>
  </testcase> <!-- verifyUserLoginWithValidUserNameInvalidPassword -->
  <testcase classname="testScript.LoginTest" name="verifyUserLoginWithValidCredentials" time="0.0">
    <ignored/>
  </testcase> <!-- verifyUserLoginWithValidCredentials -->
  <testcase classname="testScript.LoginTest" name="verifyUserLoginWithInvalidUserNameInvalidPassword" time="0.0">
    <ignored/>
  </testcase> <!-- verifyUserLoginWithInvalidUserNameInvalidPassword -->
</testsuite> <!-- FireFox Test -->
