<?xml version="1.0" encoding="UTF-8"?>
<!-- Generated by org.testng.reporters.JUnitXMLReporter -->
<testsuite ignored="0" hostname="Preenu-PC" failures="0" tests="3" name="Test1" time="13.343" errors="0" timestamp="2025-11-21T12:00:02 IST">
  <testcase classname="testScript.AdminUserTest" name="verifyWhetherUserIsAbleToAddNewUser" time="3.523"/>
  <testcase classname="testScript.AdminUserTest" name="verifyWhetherUserIsAbleToReset" time="1.549"/>
  <testcase classname="testScript.AdminUserTest" name="verifyWhetherUserIsAbleToSearchTheNewlyAddedUser" time="1.91"/>
</testsuite> <!-- Test1 -->
