<?xml version="1.0" encoding="UTF-8"?>
<!-- Generated by org.testng.reporters.JUnitXMLReporter -->
<testsuite ignored="0" hostname="Preenu-PC" failures="0" tests="4" name="Test2" time="28.418" errors="0" timestamp="2025-11-21T12:00:30 IST">
  <testcase classname="testScript.LoginTest" name="verifyUserLoginWithValidCredentials" time="0.861"/>
  <testcase classname="testScript.LoginTest" name="verifyUserLoginWithInvalidUserNameValidPassword" time="0.467"/>
  <testcase classname="testScript.LoginTest" name="verifyUserLoginWithValidUserNameInvalidPassword" time="0.539"/>
  <testcase classname="testScript.LoginTest" name="verifyUserLoginWithInvalidUserNameInvalidPassword" time="0.417"/>
</testsuite> <!-- Test2 -->
